C:\Users\LENOVO\source\repos\wep.proje\proje.web\Tasarım\dist\out-tsc\app\ThemeOptions\store\config.actions.js
C:\Users\LENOVO\source\repos\wep.proje\proje.web\Tasarım\dist\out-tsc\app\ThemeOptions\store\config.actions.js.map
C:\Users\LENOVO\source\repos\wep.proje\proje.web\Tasarım\dist\out-tsc\app\ThemeOptions\store\config.reducer.js
C:\Users\LENOVO\source\repos\wep.proje\proje.web\Tasarım\dist\out-tsc\app\ThemeOptions\store\config.reducer.js.map
C:\Users\LENOVO\source\repos\wep.proje\proje.web\Tasarım\dist\out-tsc\app\ThemeOptions\store\index.js
C:\Users\LENOVO\source\repos\wep.proje\proje.web\Tasarım\dist\out-tsc\app\ThemeOptions\store\index.js.map
C:\Users\LENOVO\source\repos\wep.proje\proje.web\Tasarım\dist\out-tsc\app\theme-options.js
C:\Users\LENOVO\source\repos\wep.proje\proje.web\Tasarım\dist\out-tsc\app\theme-options.js.map
C:\Users\LENOVO\source\repos\wep.proje\proje.web\Tasarım\dist\out-tsc\app\Layout\base-layout\base-layout.component.js
C:\Users\LENOVO\source\repos\wep.proje\proje.web\Tasarım\dist\out-tsc\app\Layout\base-layout\base-layout.component.js.map
C:\Users\LENOVO\source\repos\wep.proje\proje.web\Tasarım\dist\out-tsc\app\Layout\pages-layout\pages-layout.component.js
C:\Users\LENOVO\source\repos\wep.proje\proje.web\Tasarım\dist\out-tsc\app\Layout\pages-layout\pages-layout.component.js.map
C:\Users\LENOVO\source\repos\wep.proje\proje.web\Tasarım\dist\out-tsc\app\DemoPages\Dashboards\analytics\analytics.component.js
C:\Users\LENOVO\source\repos\wep.proje\proje.web\Tasarım\dist\out-tsc\app\DemoPages\Dashboards\analytics\analytics.component.js.map
C:\Users\LENOVO\source\repos\wep.proje\proje.web\Tasarım\dist\out-tsc\app\DemoPages\UserPages\forgot-password-boxed\forgot-password-boxed.component.js
C:\Users\LENOVO\source\repos\wep.proje\proje.web\Tasarım\dist\out-tsc\app\DemoPages\UserPages\forgot-password-boxed\forgot-password-boxed.component.js.map
C:\Users\LENOVO\source\repos\wep.proje\proje.web\Tasarım\dist\out-tsc\app\DemoPages\UserPages\login-boxed\login-boxed.component.js
C:\Users\LENOVO\source\repos\wep.proje\proje.web\Tasarım\dist\out-tsc\app\DemoPages\UserPages\login-boxed\login-boxed.component.js.map
C:\Users\LENOVO\source\repos\wep.proje\proje.web\Tasarım\dist\out-tsc\app\DemoPages\UserPages\register-boxed\register-boxed.component.js
C:\Users\LENOVO\source\repos\wep.proje\proje.web\Tasarım\dist\out-tsc\app\DemoPages\UserPages\register-boxed\register-boxed.component.js.map
C:\Users\LENOVO\source\repos\wep.proje\proje.web\Tasarım\dist\out-tsc\app\DemoPages\Elements\Buttons\standard\standard.component.js
C:\Users\LENOVO\source\repos\wep.proje\proje.web\Tasarım\dist\out-tsc\app\DemoPages\Elements\Buttons\standard\standard.component.js.map
C:\Users\LENOVO\source\repos\wep.proje\proje.web\Tasarım\dist\out-tsc\app\DemoPages\Elements\dropdowns\dropdowns.component.js
C:\Users\LENOVO\source\repos\wep.proje\proje.web\Tasarım\dist\out-tsc\app\DemoPages\Elements\dropdowns\dropdowns.component.js.map
C:\Users\LENOVO\source\repos\wep.proje\proje.web\Tasarım\dist\out-tsc\app\DemoPages\Elements\cards\cards.component.js
C:\Users\LENOVO\source\repos\wep.proje\proje.web\Tasarım\dist\out-tsc\app\DemoPages\Elements\cards\cards.component.js.map
C:\Users\LENOVO\source\repos\wep.proje\proje.web\Tasarım\dist\out-tsc\app\DemoPages\Elements\list-groups\list-groups.component.js
C:\Users\LENOVO\source\repos\wep.proje\proje.web\Tasarım\dist\out-tsc\app\DemoPages\Elements\list-groups\list-groups.component.js.map
C:\Users\LENOVO\source\repos\wep.proje\proje.web\Tasarım\dist\out-tsc\app\DemoPages\Elements\timeline\timeline.component.js
C:\Users\LENOVO\source\repos\wep.proje\proje.web\Tasarım\dist\out-tsc\app\DemoPages\Elements\timeline\timeline.component.js.map
C:\Users\LENOVO\source\repos\wep.proje\proje.web\Tasarım\dist\out-tsc\app\DemoPages\Elements\icons\icons.component.js
C:\Users\LENOVO\source\repos\wep.proje\proje.web\Tasarım\dist\out-tsc\app\DemoPages\Elements\icons\icons.component.js.map
C:\Users\LENOVO\source\repos\wep.proje\proje.web\Tasarım\dist\out-tsc\app\DemoPages\Components\accordions\accordions.component.js
C:\Users\LENOVO\source\repos\wep.proje\proje.web\Tasarım\dist\out-tsc\app\DemoPages\Components\accordions\accordions.component.js.map
C:\Users\LENOVO\source\repos\wep.proje\proje.web\Tasarım\dist\out-tsc\app\DemoPages\Components\tabs\tabs.component.js
C:\Users\LENOVO\source\repos\wep.proje\proje.web\Tasarım\dist\out-tsc\app\DemoPages\Components\tabs\tabs.component.js.map
C:\Users\LENOVO\source\repos\wep.proje\proje.web\Tasarım\dist\out-tsc\app\DemoPages\Components\carousel\carousel.component.js
C:\Users\LENOVO\source\repos\wep.proje\proje.web\Tasarım\dist\out-tsc\app\DemoPages\Components\carousel\carousel.component.js.map
C:\Users\LENOVO\source\repos\wep.proje\proje.web\Tasarım\dist\out-tsc\app\DemoPages\Components\modals\modals.component.js
C:\Users\LENOVO\source\repos\wep.proje\proje.web\Tasarım\dist\out-tsc\app\DemoPages\Components\modals\modals.component.js.map
C:\Users\LENOVO\source\repos\wep.proje\proje.web\Tasarım\dist\out-tsc\app\DemoPages\Components\progress-bar\progress-bar.component.js
C:\Users\LENOVO\source\repos\wep.proje\proje.web\Tasarım\dist\out-tsc\app\DemoPages\Components\progress-bar\progress-bar.component.js.map
C:\Users\LENOVO\source\repos\wep.proje\proje.web\Tasarım\dist\out-tsc\app\DemoPages\Components\pagination\pagination.component.js
C:\Users\LENOVO\source\repos\wep.proje\proje.web\Tasarım\dist\out-tsc\app\DemoPages\Components\pagination\pagination.component.js.map
C:\Users\LENOVO\source\repos\wep.proje\proje.web\Tasarım\dist\out-tsc\app\DemoPages\Components\tooltips-popovers\tooltips-popovers.component.js
C:\Users\LENOVO\source\repos\wep.proje\proje.web\Tasarım\dist\out-tsc\app\DemoPages\Components\tooltips-popovers\tooltips-popovers.component.js.map
C:\Users\LENOVO\source\repos\wep.proje\proje.web\Tasarım\dist\out-tsc\app\DemoPages\Tables\tables-main\tables-main.component.js
C:\Users\LENOVO\source\repos\wep.proje\proje.web\Tasarım\dist\out-tsc\app\DemoPages\Tables\tables-main\tables-main.component.js.map
C:\Users\LENOVO\source\repos\wep.proje\proje.web\Tasarım\dist\out-tsc\app\DemoPages\Widgets\chart-boxes3\chart-boxes3.component.js
C:\Users\LENOVO\source\repos\wep.proje\proje.web\Tasarım\dist\out-tsc\app\DemoPages\Widgets\chart-boxes3\chart-boxes3.component.js.map
C:\Users\LENOVO\source\repos\wep.proje\proje.web\Tasarım\dist\out-tsc\app\DemoPages\Forms\Elements\controls\controls.component.js
C:\Users\LENOVO\source\repos\wep.proje\proje.web\Tasarım\dist\out-tsc\app\DemoPages\Forms\Elements\controls\controls.component.js.map
C:\Users\LENOVO\source\repos\wep.proje\proje.web\Tasarım\dist\out-tsc\app\DemoPages\Forms\Elements\layout\layout.component.js
C:\Users\LENOVO\source\repos\wep.proje\proje.web\Tasarım\dist\out-tsc\app\DemoPages\Forms\Elements\layout\layout.component.js.map
C:\Users\LENOVO\source\repos\wep.proje\proje.web\Tasarım\dist\out-tsc\app\DemoPages\Charts\chartjs\chartjs.component.js
C:\Users\LENOVO\source\repos\wep.proje\proje.web\Tasarım\dist\out-tsc\app\DemoPages\Charts\chartjs\chartjs.component.js.map
C:\Users\LENOVO\source\repos\wep.proje\proje.web\Tasarım\dist\out-tsc\app\app-routing.module.js
C:\Users\LENOVO\source\repos\wep.proje\proje.web\Tasarım\dist\out-tsc\app\app-routing.module.js.map
C:\Users\LENOVO\source\repos\wep.proje\proje.web\Tasarım\dist\out-tsc\app\app.component.js
C:\Users\LENOVO\source\repos\wep.proje\proje.web\Tasarım\dist\out-tsc\app\app.component.js.map
C:\Users\LENOVO\source\repos\wep.proje\proje.web\Tasarım\dist\out-tsc\app\Layout\Components\page-title\page-title.component.js
C:\Users\LENOVO\source\repos\wep.proje\proje.web\Tasarım\dist\out-tsc\app\Layout\Components\page-title\page-title.component.js.map
C:\Users\LENOVO\source\repos\wep.proje\proje.web\Tasarım\dist\out-tsc\app\Layout\Components\header\header.component.js
C:\Users\LENOVO\source\repos\wep.proje\proje.web\Tasarım\dist\out-tsc\app\Layout\Components\header\header.component.js.map
C:\Users\LENOVO\source\repos\wep.proje\proje.web\Tasarım\dist\out-tsc\app\Layout\Components\header\elements\search-box\search-box.component.js
C:\Users\LENOVO\source\repos\wep.proje\proje.web\Tasarım\dist\out-tsc\app\Layout\Components\header\elements\search-box\search-box.component.js.map
C:\Users\LENOVO\source\repos\wep.proje\proje.web\Tasarım\dist\out-tsc\app\Layout\Components\header\elements\user-box\user-box.component.js
C:\Users\LENOVO\source\repos\wep.proje\proje.web\Tasarım\dist\out-tsc\app\Layout\Components\header\elements\user-box\user-box.component.js.map
C:\Users\LENOVO\source\repos\wep.proje\proje.web\Tasarım\dist\out-tsc\app\Layout\Components\sidebar\sidebar.component.js
C:\Users\LENOVO\source\repos\wep.proje\proje.web\Tasarım\dist\out-tsc\app\Layout\Components\sidebar\sidebar.component.js.map
C:\Users\LENOVO\source\repos\wep.proje\proje.web\Tasarım\dist\out-tsc\app\Layout\Components\sidebar\elements\logo\logo.component.js
C:\Users\LENOVO\source\repos\wep.proje\proje.web\Tasarım\dist\out-tsc\app\Layout\Components\sidebar\elements\logo\logo.component.js.map
C:\Users\LENOVO\source\repos\wep.proje\proje.web\Tasarım\dist\out-tsc\app\Layout\Components\footer\footer.component.js
C:\Users\LENOVO\source\repos\wep.proje\proje.web\Tasarım\dist\out-tsc\app\Layout\Components\footer\footer.component.js.map
C:\Users\LENOVO\source\repos\wep.proje\proje.web\Tasarım\dist\out-tsc\app\DemoPages\Tables\regular\regular.component.js
C:\Users\LENOVO\source\repos\wep.proje\proje.web\Tasarım\dist\out-tsc\app\DemoPages\Tables\regular\regular.component.js.map
C:\Users\LENOVO\source\repos\wep.proje\proje.web\Tasarım\dist\out-tsc\app\DemoPages\Charts\chartjs\examples\line-chart\line-chart.component.js
C:\Users\LENOVO\source\repos\wep.proje\proje.web\Tasarım\dist\out-tsc\app\DemoPages\Charts\chartjs\examples\line-chart\line-chart.component.js.map
C:\Users\LENOVO\source\repos\wep.proje\proje.web\Tasarım\dist\out-tsc\app\DemoPages\Charts\chartjs\examples\bar-chart\bar-chart.component.js
C:\Users\LENOVO\source\repos\wep.proje\proje.web\Tasarım\dist\out-tsc\app\DemoPages\Charts\chartjs\examples\bar-chart\bar-chart.component.js.map
C:\Users\LENOVO\source\repos\wep.proje\proje.web\Tasarım\dist\out-tsc\app\DemoPages\Charts\chartjs\examples\scatter-chart\scatter-chart.component.js
C:\Users\LENOVO\source\repos\wep.proje\proje.web\Tasarım\dist\out-tsc\app\DemoPages\Charts\chartjs\examples\scatter-chart\scatter-chart.component.js.map
C:\Users\LENOVO\source\repos\wep.proje\proje.web\Tasarım\dist\out-tsc\app\DemoPages\Charts\chartjs\examples\radar-chart\radar-chart.component.js
C:\Users\LENOVO\source\repos\wep.proje\proje.web\Tasarım\dist\out-tsc\app\DemoPages\Charts\chartjs\examples\radar-chart\radar-chart.component.js.map
C:\Users\LENOVO\source\repos\wep.proje\proje.web\Tasarım\dist\out-tsc\app\DemoPages\Charts\chartjs\examples\polar-area-chart\polar-area-chart.component.js
C:\Users\LENOVO\source\repos\wep.proje\proje.web\Tasarım\dist\out-tsc\app\DemoPages\Charts\chartjs\examples\polar-area-chart\polar-area-chart.component.js.map
C:\Users\LENOVO\source\repos\wep.proje\proje.web\Tasarım\dist\out-tsc\app\DemoPages\Charts\chartjs\examples\bubble-chart\bubble-chart.component.js
C:\Users\LENOVO\source\repos\wep.proje\proje.web\Tasarım\dist\out-tsc\app\DemoPages\Charts\chartjs\examples\bubble-chart\bubble-chart.component.js.map
C:\Users\LENOVO\source\repos\wep.proje\proje.web\Tasarım\dist\out-tsc\app\DemoPages\Charts\chartjs\examples\dynamic-chart\dynamic-chart.component.js
C:\Users\LENOVO\source\repos\wep.proje\proje.web\Tasarım\dist\out-tsc\app\DemoPages\Charts\chartjs\examples\dynamic-chart\dynamic-chart.component.js.map
C:\Users\LENOVO\source\repos\wep.proje\proje.web\Tasarım\dist\out-tsc\app\DemoPages\Charts\chartjs\examples\doughnut-chart\doughnut-chart.component.js
C:\Users\LENOVO\source\repos\wep.proje\proje.web\Tasarım\dist\out-tsc\app\DemoPages\Charts\chartjs\examples\doughnut-chart\doughnut-chart.component.js.map
C:\Users\LENOVO\source\repos\wep.proje\proje.web\Tasarım\dist\out-tsc\app\DemoPages\Charts\chartjs\examples\pie-chart\pie-chart.component.js
C:\Users\LENOVO\source\repos\wep.proje\proje.web\Tasarım\dist\out-tsc\app\DemoPages\Charts\chartjs\examples\pie-chart\pie-chart.component.js.map
C:\Users\LENOVO\source\repos\wep.proje\proje.web\Tasarım\dist\out-tsc\app\app.module.js
C:\Users\LENOVO\source\repos\wep.proje\proje.web\Tasarım\dist\out-tsc\app\app.module.js.map
C:\Users\LENOVO\source\repos\wep.proje\proje.web\Tasarım\dist\out-tsc\environments\environment.js
C:\Users\LENOVO\source\repos\wep.proje\proje.web\Tasarım\dist\out-tsc\environments\environment.js.map
C:\Users\LENOVO\source\repos\wep.proje\proje.web\Tasarım\dist\out-tsc\main.js
C:\Users\LENOVO\source\repos\wep.proje\proje.web\Tasarım\dist\out-tsc\main.js.map
C:\Users\LENOVO\source\repos\wep.proje\proje.web\Tasarım\dist\out-tsc\polyfills.js
C:\Users\LENOVO\source\repos\wep.proje\proje.web\Tasarım\dist\out-tsc\polyfills.js.map
C:\Users\LENOVO\source\repos\wep.proje\proje.web\Tasarım\dist\out-tsc\test.js
C:\Users\LENOVO\source\repos\wep.proje\proje.web\Tasarım\dist\out-tsc\test.js.map
C:\Users\LENOVO\source\repos\wep.proje\proje.web\Tasarım\dist\out-tsc\app\DemoPages\Charts\chartjs\examples\pie-chart\pie-chart.component.spec.js
C:\Users\LENOVO\source\repos\wep.proje\proje.web\Tasarım\dist\out-tsc\app\DemoPages\Charts\chartjs\examples\pie-chart\pie-chart.component.spec.js.map
C:\Users\LENOVO\source\repos\wep.proje\proje.web\Tasarım\dist\out-tsc\app\DemoPages\Charts\chartjs\examples\polar-area-chart\polar-area-chart.component.spec.js
C:\Users\LENOVO\source\repos\wep.proje\proje.web\Tasarım\dist\out-tsc\app\DemoPages\Charts\chartjs\examples\polar-area-chart\polar-area-chart.component.spec.js.map
C:\Users\LENOVO\source\repos\wep.proje\proje.web\Tasarım\dist\out-tsc\app\DemoPages\Charts\chartjs\examples\radar-chart\radar-chart.component.spec.js
C:\Users\LENOVO\source\repos\wep.proje\proje.web\Tasarım\dist\out-tsc\app\DemoPages\Charts\chartjs\examples\radar-chart\radar-chart.component.spec.js.map
C:\Users\LENOVO\source\repos\wep.proje\proje.web\Tasarım\dist\out-tsc\app\DemoPages\Charts\chartjs\examples\scatter-chart\scatter-chart.component.spec.js
C:\Users\LENOVO\source\repos\wep.proje\proje.web\Tasarım\dist\out-tsc\app\DemoPages\Charts\chartjs\examples\scatter-chart\scatter-chart.component.spec.js.map
C:\Users\LENOVO\source\repos\wep.proje\proje.web\Tasarım\dist\out-tsc\environments\environment.prod.js
C:\Users\LENOVO\source\repos\wep.proje\proje.web\Tasarım\dist\out-tsc\environments\environment.prod.js.map
